[2020-06-19T07:55:44.087] [DEBUG] cheese - login => username:XiaoPan,password:123456
[2020-06-19T07:55:44.091] [DEBUG] cheese - XiaoPan
[2020-06-19T07:55:44.677] [DEBUG] cheese - null
[2020-06-19T07:55:44.678] [DEBUG] cheese - null
[2020-06-19T07:56:32.305] [DEBUG] cheese - login => username:admin,password:123456
[2020-06-19T07:56:32.305] [DEBUG] cheese - admin
[2020-06-19T07:56:32.315] [DEBUG] cheese - null
[2020-06-19T07:56:32.315] [DEBUG] cheese - null
[2020-06-20T06:43:27.476] [DEBUG] cheese - login => username:admin,password:123456
[2020-06-20T06:43:27.478] [DEBUG] cheese - admin
[2020-06-20T06:43:27.788] [DEBUG] cheese - null
[2020-06-20T06:43:27.788] [DEBUG] cheese - null
[2020-06-20T09:37:34.524] [DEBUG] cheese - login => username:xiaopa,password:123456
[2020-06-20T09:37:34.529] [DEBUG] cheese - xiaopa
[2020-06-20T09:37:34.917] [DEBUG] cheese - null
[2020-06-20T09:37:34.917] [DEBUG] cheese - null
[2020-06-20T09:37:41.459] [DEBUG] cheese - login => username:admin,password:123456
[2020-06-20T09:37:41.459] [DEBUG] cheese - admin
[2020-06-20T09:37:41.463] [DEBUG] cheese - null
[2020-06-20T09:37:41.463] [DEBUG] cheese - null
[2020-06-20T09:51:26.804] [DEBUG] cheese - login => username:xxx,password:12314555
[2020-06-20T09:51:26.805] [DEBUG] cheese - xxx
[2020-06-20T09:51:26.808] [DEBUG] cheese - null
[2020-06-20T09:51:26.808] [DEBUG] cheese - null
[2020-06-20T09:51:44.753] [DEBUG] cheese - login => username:asd,password:121314231312
[2020-06-20T09:51:44.753] [DEBUG] cheese - asd
[2020-06-20T09:51:44.756] [DEBUG] cheese - null
[2020-06-20T09:51:44.756] [DEBUG] cheese - null
[2020-06-20T09:52:11.077] [DEBUG] cheese - login => username:admin,password:123456
[2020-06-20T09:52:11.077] [DEBUG] cheese - admin
[2020-06-20T09:52:11.082] [DEBUG] cheese - null
[2020-06-20T09:52:11.082] [DEBUG] cheese - null
[2020-06-20T10:00:29.433] [DEBUG] cheese - login => username:admin,password:123456
[2020-06-20T10:00:29.433] [DEBUG] cheese - admin
[2020-06-20T10:00:29.451] [DEBUG] cheese - null
[2020-06-20T10:00:29.451] [DEBUG] cheese - null
[2020-06-20T10:04:12.441] [DEBUG] cheese - login => username:admin,password:123456
[2020-06-20T10:04:12.441] [DEBUG] cheese - admin
[2020-06-20T10:04:12.467] [DEBUG] cheese - null
[2020-06-20T10:04:12.467] [DEBUG] cheese - null
[2020-06-20T10:15:10.420] [DEBUG] cheese - login => username:admin,password:123456
[2020-06-20T10:15:10.420] [DEBUG] cheese - admin
[2020-06-20T10:15:10.424] [DEBUG] cheese - null
[2020-06-20T10:15:10.424] [DEBUG] cheese - null
[2020-06-20T10:23:42.965] [DEBUG] cheese - login => username:admin,password:123456
[2020-06-20T10:23:42.966] [DEBUG] cheese - admin
[2020-06-20T10:23:42.968] [DEBUG] cheese - null
[2020-06-20T10:23:42.968] [DEBUG] cheese - null
[2020-06-20T10:24:48.459] [DEBUG] cheese - login => username:admin,password:123456
[2020-06-20T10:24:48.459] [DEBUG] cheese - admin
[2020-06-20T10:24:48.462] [DEBUG] cheese - null
[2020-06-20T10:24:48.462] [DEBUG] cheese - null
[2020-06-20T10:24:51.530] [DEBUG] cheese - login => username:admin,password:123456
[2020-06-20T10:24:51.530] [DEBUG] cheese - admin
[2020-06-20T10:24:51.532] [DEBUG] cheese - null
[2020-06-20T10:24:51.532] [DEBUG] cheese - null
[2020-06-20T10:25:29.697] [DEBUG] cheese - login => username:admin,password:123456
[2020-06-20T10:25:29.697] [DEBUG] cheese - admin
[2020-06-20T10:25:29.700] [DEBUG] cheese - null
[2020-06-20T10:25:29.700] [DEBUG] cheese - null
[2020-06-22T17:19:21.996] [DEBUG] cheese - login => username:admin,password:123456
[2020-06-22T17:19:21.998] [DEBUG] cheese - admin
[2020-06-22T17:19:22.275] [DEBUG] cheese - null
[2020-06-22T17:19:22.276] [DEBUG] cheese - null
[2020-06-22T17:28:13.372] [DEBUG] cheese - login => username:admin,password:123456
[2020-06-22T17:28:13.372] [DEBUG] cheese - admin
[2020-06-22T17:28:13.375] [DEBUG] cheese - null
[2020-06-22T17:28:13.375] [DEBUG] cheese - null
[2020-06-22T17:46:11.597] [DEBUG] cheese - login => username:admin,password:123456
[2020-06-22T17:46:11.598] [DEBUG] cheese - admin
[2020-06-22T17:46:11.602] [DEBUG] cheese - null
[2020-06-22T17:46:11.602] [DEBUG] cheese - null
[2020-06-22T18:15:13.659] [DEBUG] cheese - login => username:admin,password:123456
[2020-06-22T18:15:13.660] [DEBUG] cheese - admin
[2020-06-22T18:15:13.792] [DEBUG] cheese - null
[2020-06-22T18:15:13.793] [DEBUG] cheese - null
[2020-06-23T20:05:54.142] [DEBUG] cheese - login => username:admin,password:123456
[2020-06-23T20:05:54.143] [DEBUG] cheese - admin
[2020-06-23T20:05:54.440] [DEBUG] cheese - null
[2020-06-23T20:05:54.441] [DEBUG] cheese - null
[2020-06-23T22:01:09.276] [DEBUG] cheese - login => username:admin,password:123456
[2020-06-23T22:01:09.278] [DEBUG] cheese - admin
[2020-06-23T22:01:09.357] [DEBUG] cheese - null
[2020-06-23T22:01:09.357] [DEBUG] cheese - null
[2020-06-24T09:57:57.080] [DEBUG] cheese - login => username:admin,password:123456
[2020-06-24T09:57:57.082] [DEBUG] cheese - admin
[2020-06-24T09:57:57.348] [DEBUG] cheese - null
[2020-06-24T09:57:57.349] [DEBUG] cheese - null
[2020-06-24T11:11:38.069] [DEBUG] cheese - login => username:admin,password:123456
[2020-06-24T11:11:38.070] [DEBUG] cheese - admin
[2020-06-24T11:11:38.144] [DEBUG] cheese - null
[2020-06-24T11:11:38.144] [DEBUG] cheese - null
[2020-06-24T11:21:46.983] [DEBUG] cheese - login => username:admin,password:123456
[2020-06-24T11:21:46.983] [DEBUG] cheese - admin
[2020-06-24T11:21:46.985] [DEBUG] cheese - null
[2020-06-24T11:21:46.986] [DEBUG] cheese - null
[2020-06-24T20:47:55.659] [DEBUG] cheese - login => username:admin,password:123456
[2020-06-24T20:47:55.660] [DEBUG] cheese - admin
[2020-06-24T20:47:55.666] [DEBUG] cheese - null
[2020-06-24T20:47:55.678] [DEBUG] cheese - null
[2020-06-25T15:35:51.847] [DEBUG] cheese - login => username:admin,password:123456
[2020-06-25T15:35:51.849] [DEBUG] cheese - admin
[2020-06-25T15:35:52.274] [DEBUG] cheese - null
[2020-06-25T15:35:52.274] [DEBUG] cheese - null
[2020-06-25T20:09:06.657] [DEBUG] cheese - login => username:admin,password:123456
[2020-06-25T20:09:06.659] [DEBUG] cheese - admin
[2020-06-25T20:09:06.861] [DEBUG] cheese - null
[2020-06-25T20:09:06.862] [DEBUG] cheese - null
